<?xml version="1.0" encoding="UTF-8"?>
<testsuite xmlns:xsi="http://www.w3.org/2001/XMLSchema-instance" xsi:noNamespaceSchemaLocation="https://maven.apache.org/surefire/maven-surefire-plugin/xsd/surefire-test-report.xsd" name="au.com.kahaara.wf.orchestration.rules.RulesTest" time="0.651" tests="2" errors="0" skipped="0" failures="0">
  <properties>
[...]
</properties>
  <testcase name="testProcessRules" classname="au.com.kahaara.wf.orchestration.rules.RulesTest" time="0.007"/>
  <testcase name="testRules" classname="au.com.kahaara.wf.orchestration.rules.RulesTest" time="0.001"/>
</testsuite>